16:33:42.791 [main] DEBUG com.intuit.karate.Suite - [config] classpath:karate-config.js
16:33:43.744 [main] DEBUG com.intuit.karate - request:
1 > POST https://petstore.swagger.io/v2/pet
1 > Content-Type: application/json; charset=UTF-8
1 > Content-Length: 162
1 > Host: petstore.swagger.io
1 > Connection: Keep-Alive
1 > User-Agent: Apache-HttpClient/4.5.14 (Java/25.0.1)
1 > Accept-Encoding: gzip,deflate
{"id":2026,"category":{"id":1,"name":"Dogs"},"name":"Luna","photoUrls":["https:\/\/example.com\/photo.jpg"],"tags":[{"id":1,"name":"puppy"}],"status":"available"}

16:33:44.468 [main] DEBUG com.intuit.karate - response time in milliseconds: 722
1 < 200
1 < Date: Tue, 26 May 2026 21:33:43 GMT
1 < Content-Type: application/json
1 < Transfer-Encoding: chunked
1 < Connection: keep-alive
1 < Access-Control-Allow-Origin: *
1 < Access-Control-Allow-Methods: GET, POST, DELETE, PUT
1 < Access-Control-Allow-Headers: Content-Type, api_key, Authorization
1 < Server: Jetty(9.2.9.v20150224)
{"id":2026,"category":{"id":1,"name":"Dogs"},"name":"Luna","photoUrls":["https://example.com/photo.jpg"],"tags":[{"id":1,"name":"puppy"}],"status":"available"}

16:33:44.483 [main] INFO  com.intuit.karate - [print] {
  "id": 2026,
  "category": {
    "id": 1,
    "name": "Dogs"
  },
  "name": "Luna",
  "photoUrls": [
    "https://example.com/photo.jpg"
  ],
  "tags": [
    {
      "id": 1,
      "name": "puppy"
    }
  ],
  "status": "available"
}
 
16:33:44.503 [main] DEBUG com.intuit.karate - request:
1 > GET https://petstore.swagger.io/v2/pet/2026
1 > Host: petstore.swagger.io
1 > Connection: Keep-Alive
1 > User-Agent: Apache-HttpClient/4.5.14 (Java/25.0.1)
1 > Accept-Encoding: gzip,deflate


16:33:44.743 [main] DEBUG com.intuit.karate - response time in milliseconds: 240
1 < 200
1 < Date: Tue, 26 May 2026 21:33:43 GMT
1 < Content-Type: application/json
1 < Transfer-Encoding: chunked
1 < Connection: keep-alive
1 < Access-Control-Allow-Origin: *
1 < Access-Control-Allow-Methods: GET, POST, DELETE, PUT
1 < Access-Control-Allow-Headers: Content-Type, api_key, Authorization
1 < Server: Jetty(9.2.9.v20150224)
{"id":2026,"category":{"id":1,"name":"Dogs"},"name":"Luna","photoUrls":["https://example.com/photo.jpg"],"tags":[{"id":1,"name":"puppy"}],"status":"available"}

16:33:44.747 [main] INFO  com.intuit.karate - [print] {
  "id": 2026,
  "category": {
    "id": 1,
    "name": "Dogs"
  },
  "name": "Luna",
  "photoUrls": [
    "https://example.com/photo.jpg"
  ],
  "tags": [
    {
      "id": 1,
      "name": "puppy"
    }
  ],
  "status": "available"
}
 
16:33:44.767 [main] DEBUG com.intuit.karate - request:
1 > PUT https://petstore.swagger.io/v2/pet
1 > Content-Type: application/json; charset=UTF-8
1 > Content-Length: 167
1 > Host: petstore.swagger.io
1 > Connection: Keep-Alive
1 > User-Agent: Apache-HttpClient/4.5.14 (Java/25.0.1)
1 > Accept-Encoding: gzip,deflate
{"id":2026,"category":{"id":1,"name":"Dogs"},"name":"Lunita Oquendo","photoUrls":["https:\/\/example.com\/photo.jpg"],"tags":[{"id":1,"name":"puppy"}],"status":"sold"}

16:33:45.007 [main] DEBUG com.intuit.karate - response time in milliseconds: 239
1 < 200
1 < Date: Tue, 26 May 2026 21:33:44 GMT
1 < Content-Type: application/json
1 < Transfer-Encoding: chunked
1 < Connection: keep-alive
1 < Access-Control-Allow-Origin: *
1 < Access-Control-Allow-Methods: GET, POST, DELETE, PUT
1 < Access-Control-Allow-Headers: Content-Type, api_key, Authorization
1 < Server: Jetty(9.2.9.v20150224)
{"id":2026,"category":{"id":1,"name":"Dogs"},"name":"Lunita Oquendo","photoUrls":["https://example.com/photo.jpg"],"tags":[{"id":1,"name":"puppy"}],"status":"sold"}

16:33:45.010 [main] INFO  com.intuit.karate - [print] {
  "id": 2026,
  "category": {
    "id": 1,
    "name": "Dogs"
  },
  "name": "Lunita Oquendo",
  "photoUrls": [
    "https://example.com/photo.jpg"
  ],
  "tags": [
    {
      "id": 1,
      "name": "puppy"
    }
  ],
  "status": "sold"
}
 
16:33:45.019 [main] DEBUG com.intuit.karate - request:
1 > GET https://petstore.swagger.io/v2/pet/findByStatus?status=sold
1 > Host: petstore.swagger.io
1 > Connection: Keep-Alive
1 > User-Agent: Apache-HttpClient/4.5.14 (Java/25.0.1)
1 > Accept-Encoding: gzip,deflate


16:33:45.246 [main] DEBUG com.intuit.karate - response time in milliseconds: 226
1 < 200
1 < Date: Tue, 26 May 2026 21:33:44 GMT
1 < Content-Type: application/json
1 < Transfer-Encoding: chunked
1 < Connection: keep-alive
1 < Access-Control-Allow-Origin: *
1 < Access-Control-Allow-Methods: GET, POST, DELETE, PUT
1 < Access-Control-Allow-Headers: Content-Type, api_key, Authorization
1 < Server: Jetty(9.2.9.v20150224)
[{"id":13,"category":{"id":0,"name":"cats"},"photoUrls":["string"],"tags":[{"id":0,"name":"string"}],"status":"sold"},{"id":12,"category":{"id":0,"name":"dogs"},"photoUrls":["string"],"tags":[{"id":0,"name":"string"}],"status":"sold"},{"id":2179,"category":{"id":1513,"name":"string"},"name":"doggie","photoUrls":["string%0aid%0a","string"],"tags":[{"id":3364,"name":"string"},{"id":6942,"name":"string"}],"status":"sold"},{"id":223729,"name":"Ubuntito","photoUrls":[],"tags":[],"status":"sold"},{"id":16,"category":{"id":1,"name":"boy"},"name":"Tom","photoUrls":["https://upload.wikimedia.org/wikipedia/commons/0/0c/Deutscher_Sch%C3%A4ferhund-_portrait.JPG"],"tags":[{"id":16,"name":"nemeckaya ovcharka"}],"status":"sold"},{"id":2475007445,"category":{"id":1401619088,"name":"dog"},"name":"hello kity","photoUrls":["http://foo.bar.com/1","http://foo.bar.com/2"],"tags":[{"id":2548765930,"name":"python-pet-tag"}],"status":"sold"},{"id":2822207731,"category":{"id":1777905373,"name":"dog"},"name":"hello kity","photoUrls":["http://foo.bar.com/1","http://foo.bar.com/2"],"tags":[{"id":3157661471,"name":"python-pet-tag"}],"status":"sold"},{"id":788715192,"category":{"id":1090685609,"name":"dog"},"name":"hello kity","photoUrls":["http://foo.bar.com/1","http://foo.bar.com/2"],"tags":[{"id":2660269906,"name":"python-pet-tag"}],"status":"sold"},{"id":221694156,"category":{"id":708966060,"name":"dog"},"name":"hello kity","photoUrls":["http://foo.bar.com/1","http://foo.bar.com/2"],"tags":[{"id":1831760673,"name":"python-pet-tag"}],"status":"sold"},{"id":21432222,"category":{"id":325538828,"name":"dog"},"name":"hello kity","photoUrls":["http://foo.bar.com/1","http://foo.bar.com/2"],"tags":[{"id":43019813,"name":"python-pet-tag"}],"status":"sold"},{"id":2815748230,"category":{"id":305677533,"name":"dog"},"name":"hello kity","photoUrls":["http://foo.bar.com/1","http://foo.bar.com/2"],"tags":[{"id":2078189773,"name":"python-pet-tag"}],"status":"sold"},{"id":296690869,"category":{"id":3957508492,"name":"dog"},"name":"hello kity","photoUrls":["http://foo.bar.com/1","http://foo.bar.com/2"],"tags":[{"id":1668096862,"name":"python-pet-tag"}],"status":"sold"},{"id":1640565374,"category":{"id":587234541,"name":"dog"},"name":"hello kity","photoUrls":["http://foo.bar.com/1","http://foo.bar.com/2"],"tags":[{"id":1831589029,"name":"python-pet-tag"}],"status":"sold"},{"id":919857562,"category":{"id":1172220937,"name":"dog"},"name":"hello kity","photoUrls":["http://foo.bar.com/1","http://foo.bar.com/2"],"tags":[{"id":3631680389,"name":"python-pet-tag"}],"status":"sold"},{"id":1679839220,"category":{"id":669302297,"name":"dog"},"name":"hello kity with updated","photoUrls":["http://foo.bar.com/1","http://foo.bar.com/2"],"tags":[{"id":1344191916,"name":"python-pet-tag"}],"status":"sold"},{"id":1711982,"category":{"id":52551857,"name":"non Lorem tempor"},"name":"doggie","photoUrls":["veniam","reprehenderit commodo proident occaecat"],"tags":[{"id":-12689894,"name":"veniam mollit"},{"id":-27514803,"name":"sed ullamco ut"}],"status":"sold"},{"id":90369791,"category":{"id":-28594492,"name":"ad"},"name":"doggie","photoUrls":["nulla ipsum dolor","cillum"],"tags":[{"id":16964237,"name":"velit aliquip occaecat voluptate"},{"id":-32143651,"name":"sed nulla sint"}],"status":"sold"},{"id":24364310,"category":{"id":-12307344,"name":"kitten бфрмалейка"},"name":"kitten1","photoUrls":["dolor in","occaecat dolore consectetur adipisicing"],"tags":[{"id":-22679152,"name":"non ex"},{"id":33284191,"name":"sed pariatur in"}],"status":"sold"},{"id":38541659,"category":{"id":-70999792,"name":"dolore aliqua irure"},"name":"doggie","photoUrls":["cupidatat quis","ipsum deserunt"],"tags":[{"id":96985450,"name":"proident adipisicing officia"},{"id":-17203769,"name":"sunt reprehenderit"}],"status":"sold"},{"id":777123,"category":{"id":777123,"name":"fish"},"name":"Nemo","photoUrls":["https://img1.fonwall.ru/o/hl/sea-photography-flower-underwater.jpeg?route=mid&amp;h=750","https://img1.fonwall.ru/o/hl/sea-photography-flower-underwater.jpeg?route=mid&amp;h=750"],"tags":[{"id":123,"name":"priff"},{"id":123,"name":"ribka"}],"status":"sold"},{"id":70119872,"category":{"id":93142102,"name":"Змея"},"name":"Анаконда","photoUrls":["mollit","https://irecommend.ru/sites/default/files/product-images/98227/3lJyZagay9aoxv06o6TJCQ.jpg"],"tags":[{"id":-19037377,"name":"deserunt veniam nulla reprehenderit"},{"id":51503358,"name":"ullamco aliqua Excepteur cillum"}],"status":"sold"},{"id":70119872000,"category":{"id":93142102,"name":"Заяц французский 2"},"name":"LAPIN LAPIN","photoUrls":["mollit","https://irecommend.ru/sites/default/files/product-images/98227/3lJyZagay9aoxv06o6TJCQ.jpg"],"tags":[{"id":-19037377,"name":"deserunt veniam nulla reprehenderit"},{"id":51503358,"name":"ullamco aliqua Excepteur cillum"}],"status":"sold"},{"id":71551342,"category":{"id":14955550,"name":"ipsum do amet"},"name":"doggie","photoUrls":["dolore dolor","pariatur elit ea"],"tags":[{"id":-17398234,"name":"non ex"},{"id":-32010324,"name":"ut culpa aliqua est non"}],"status":"sold"},{"id":51338511,"category":{"id":43003430,"name":"ex ullamco"},"name":"doggie","photoUrls":["sit ipsum","nulla eu aliqua incididunt"],"tags":[{"id":1864541,"name":"anim elit amet"},{"id":98553871,"name":"ut"}],"status":"sold"},{"id":52931566,"category":{"id":91307171,"name":"sint aliqua"},"name":"doggie","photoUrls":["ut culpa null","quis"],"tags":[{"id":-40794559,"name":"velit proident nulla"},{"id":-14228534,"name":"ess"}],"status":"sold"},{"id":82188160,"category":{"id":81640824,"name":"nisi exercitation reprehenderit dolore"},"name":"doggie","photoUrls":["proident eu enim","mollit cillum nisi"],"tags":[{"id":6316356,"name":"laborum magn"},{"id":73149614,"name":"veniam fugiat amet si"}],"status":"sold"},{"id":24572652,"category":{"id":70314021,"name":"adipisicing dolore"},"name":"doggie","photoUrls":["magna dolor Ut in","in eiusm"],"tags":[{"id":85643839,"name":"aliquip sit dolor"},{"id":-89364963,"name":"elit id reprehenderit eiusmod exercitation"}],"status":"sold"},{"id":79897977,"category":{"id":-43696612,"name":"exercitation"},"name":"doggie","photoUrls":["dolor","velit voluptate"],"tags":[{"id":59218385,"name":"aliqua"},{"id":72829050,"name":"nostrud ut"}],"status":"sold"},{"id":40010473,"category":{"id":-13430874,"name":"in fugiat ipsum"},"name":"doggie","photoUrls":["proident sed ut","aute laboris elit occaecat aliquip"],"tags":[{"id":-64712721,"name":"ad"},{"id":40504054,"name":"in"}],"status":"sold"},{"id":33845545,"category":{"id":-13100367,"name":"deserunt aute irure"},"name":"doggie","photoUrls":["dolore reprehenderit adipisicing sed","tempor irure consectetur amet"],"tags":[{"id":-43225306,"name":"laborum proident Excepteur"},{"id":-7466415,"name":"ut in cupidatat laboris"}],"status":"sold"},{"id":23327731,"category":{"id":-92357313,"name":"reprehenderit ut nostrud ut"},"name":"doggie","photoUrls":["Lorem laboris","laboris"],"tags":[{"id":89386643,"name":"elit esse cillum"},{"id":-23396785,"name":"minim consectetur"}],"status":"sold"},{"id":23437566,"category":{"id":-46393995,"name":"ex ea culpa"},"name":"doggie","photoUrls":["ut ex veniam dolor","in aliquip"],"tags":[{"id":91638732,"name":"Excepteur ea commodo esse"},{"id":42980181,"name":"nulla officia ut labore"}],"status":"sold"},{"id":76621170,"category":{"id":16364966,"name":"Ut cupidatat velit irure minim"},"name":"doggie","photoUrls":["dolore quis","elit ea aliqua dolor adipisicing"],"tags":[{"id":24591216,"name":"ullamco magna laborum ut"},{"id":52512638,"name":"sunt non Lorem"}],"status":"sold"},{"id":5644444,"category":{"id":566555,"name":"nulla minim laborum deserunt"},"name":"Собака","photoUrls":["anim ullamco laborum eu","eiusm"],"tags":[{"id":10156776,"name":"cillum adipisicing"},{"id":-53013483,"name":"sit Ut enim dolore"}],"status":"sold"},{"id":2022000,"category":{"id":0,"name":"bird"},"name":"Star","photoUrls":["string"],"tags":[{"id":0,"name":"shy"}],"status":"sold"},{"id":9223372036854773917,"category":{"id":0,"name":"string"},"name":"boss2.0","photoUrls":["string"],"tags":[{"id":0,"name":"string"}],"status":"sold"},{"id":87705905,"category":{"id":22032096,"name":"reprehenderit in minim"},"name":"doggie","photoUrls":["cillum Ut ","et adipisicing consequat"],"tags":[{"id":-14103627,"name":"reprehenderit"},{"id":47181501,"name":"occaecat"}],"status":"sold"},{"id":38480305,"category":{"id":-59161747,"name":"Duis voluptate consequat"},"name":"doggie","photoUrls":["ex enim ","nisi est"],"tags":[{"id":49121599,"name":"non anim exercitation"},{"id":2672065,"name":"sint"}],"status":"sold"},{"id":1779829456698,"category":{"id":1,"name":"dogs"},"name":"api-dog-after-update","photoUrls":["https://example.com/dog.png"],"tags":[{"id":1,"name":"friendly"}],"status":"sold"},{"id":33377689,"category":{"id":-5871190,"name":"in voluptate velit proident"},"name":"doggie","photoUrls":["amet in","aute in"],"tags":[{"id":-26593919,"name":"tempor eiusmod ipsum"},{"id":78722837,"name":"in sit ullamco aliqua qui"}],"status":"sold"},{"id":62751340,"category":{"id":-37441254,"name":"aute cillum voluptate veniam"},"name":"doggie","photoUrls":["mollit veniam","dolor enim reprehenderit"],"tags":[{"id":91709679,"name":"anim adipisicing"},{"id":919209,"name":"sint anim"}],"status":"sold"},{"id":9,"category":{"id":0,"name":"cats"},"name":"King Kong","photoUrls":["string"],"tags":[{"id":0,"name":"string"}],"status":"sold"},{"id":20260526,"category":{"id":1,"name":"Dogs"},"name":"Lunita Oquendo","photoUrls":["https://example.com/photo.jpg"],"tags":[{"id":1,"name":"puppy"}],"status":"sold"},{"id":2026,"category":{"id":1,"name":"Dogs"},"name":"Lunita Oquendo","photoUrls":["https://example.com/photo.jpg"],"tags":[{"id":1,"name":"puppy"}],"status":"sold"},{"id":330929,"category":{"id":1,"name":"Dogs"},"name":"UpdatedDog-330929","photoUrls":["https://example.com/photo1.jpg"],"tags":[{"id":1,"name":"test-tag"}],"status":"sold"},{"id":1,"category":{"id":1,"name":"cat"},"name":"dog","photoUrls":[],"tags":[],"status":"sold"}]

16:33:45.252 [main] INFO  com.intuit.karate - [print] [
  {
    "id": 13,
    "category": {
      "id": 0,
      "name": "cats"
    },
    "photoUrls": [
      "string"
    ],
    "tags": [
      {
        "id": 0,
        "name": "string"
      }
    ],
    "status": "sold"
  },
  {
    "id": 12,
    "category": {
      "id": 0,
      "name": "dogs"
    },
    "photoUrls": [
      "string"
    ],
    "tags": [
      {
        "id": 0,
        "name": "string"
      }
    ],
    "status": "sold"
  },
  {
    "id": 2179,
    "category": {
      "id": 1513,
      "name": "string"
    },
    "name": "doggie",
    "photoUrls": [
      "string%0aid%0a",
      "string"
    ],
    "tags": [
      {
        "id": 3364,
        "name": "string"
      },
      {
        "id": 6942,
        "name": "string"
      }
    ],
    "status": "sold"
  },
  {
    "id": 223729,
    "name": "Ubuntito",
    "photoUrls": [
    ],
    "tags": [
    ],
    "status": "sold"
  },
  {
    "id": 16,
    "category": {
      "id": 1,
      "name": "boy"
    },
    "name": "Tom",
    "photoUrls": [
      "https://upload.wikimedia.org/wikipedia/commons/0/0c/Deutscher_Sch%C3%A4ferhund-_portrait.JPG"
    ],
    "tags": [
      {
        "id": 16,
        "name": "nemeckaya ovcharka"
      }
    ],
    "status": "sold"
  },
  {
    "id": 2475007445,
    "category": {
      "id": 1401619088,
      "name": "dog"
    },
    "name": "hello kity",
    "photoUrls": [
      "http://foo.bar.com/1",
      "http://foo.bar.com/2"
    ],
    "tags": [
      {
        "id": 2548765930,
        "name": "python-pet-tag"
      }
    ],
    "status": "sold"
  },
  {
    "id": 2822207731,
    "category": {
      "id": 1777905373,
      "name": "dog"
    },
    "name": "hello kity",
    "photoUrls": [
      "http://foo.bar.com/1",
      "http://foo.bar.com/2"
    ],
    "tags": [
      {
        "id": 3157661471,
        "name": "python-pet-tag"
      }
    ],
    "status": "sold"
  },
  {
    "id": 788715192,
    "category": {
      "id": 1090685609,
      "name": "dog"
    },
    "name": "hello kity",
    "photoUrls": [
      "http://foo.bar.com/1",
      "http://foo.bar.com/2"
    ],
    "tags": [
      {
        "id": 2660269906,
        "name": "python-pet-tag"
      }
    ],
    "status": "sold"
  },
  {
    "id": 221694156,
    "category": {
      "id": 708966060,
      "name": "dog"
    },
    "name": "hello kity",
    "photoUrls": [
      "http://foo.bar.com/1",
      "http://foo.bar.com/2"
    ],
    "tags": [
      {
        "id": 1831760673,
        "name": "python-pet-tag"
      }
    ],
    "status": "sold"
  },
  {
    "id": 21432222,
    "category": {
      "id": 325538828,
      "name": "dog"
    },
    "name": "hello kity",
    "photoUrls": [
      "http://foo.bar.com/1",
      "http://foo.bar.com/2"
    ],
    "tags": [
      {
        "id": 43019813,
        "name": "python-pet-tag"
      }
    ],
    "status": "sold"
  },
  {
    "id": 2815748230,
    "category": {
      "id": 305677533,
      "name": "dog"
    },
    "name": "hello kity",
    "photoUrls": [
      "http://foo.bar.com/1",
      "http://foo.bar.com/2"
    ],
    "tags": [
      {
        "id": 2078189773,
        "name": "python-pet-tag"
      }
    ],
    "status": "sold"
  },
  {
    "id": 296690869,
    "category": {
      "id": 3957508492,
      "name": "dog"
    },
    "name": "hello kity",
    "photoUrls": [
      "http://foo.bar.com/1",
      "http://foo.bar.com/2"
    ],
    "tags": [
      {
        "id": 1668096862,
        "name": "python-pet-tag"
      }
    ],
    "status": "sold"
  },
  {
    "id": 1640565374,
    "category": {
      "id": 587234541,
      "name": "dog"
    },
    "name": "hello kity",
    "photoUrls": [
      "http://foo.bar.com/1",
      "http://foo.bar.com/2"
    ],
    "tags": [
      {
        "id": 1831589029,
        "name": "python-pet-tag"
      }
    ],
    "status": "sold"
  },
  {
    "id": 919857562,
    "category": {
      "id": 1172220937,
      "name": "dog"
    },
    "name": "hello kity",
    "photoUrls": [
      "http://foo.bar.com/1",
      "http://foo.bar.com/2"
    ],
    "tags": [
      {
        "id": 3631680389,
        "name": "python-pet-tag"
      }
    ],
    "status": "sold"
  },
  {
    "id": 1679839220,
    "category": {
      "id": 669302297,
      "name": "dog"
    },
    "name": "hello kity with updated",
    "photoUrls": [
      "http://foo.bar.com/1",
      "http://foo.bar.com/2"
    ],
    "tags": [
      {
        "id": 1344191916,
        "name": "python-pet-tag"
      }
    ],
    "status": "sold"
  },
  {
    "id": 1711982,
    "category": {
      "id": 52551857,
      "name": "non Lorem tempor"
    },
    "name": "doggie",
    "photoUrls": [
      "veniam",
      "reprehenderit commodo proident occaecat"
    ],
    "tags": [
      {
        "id": -12689894,
        "name": "veniam mollit"
      },
      {
        "id": -27514803,
        "name": "sed ullamco ut"
      }
    ],
    "status": "sold"
  },
  {
    "id": 90369791,
    "category": {
      "id": -28594492,
      "name": "ad"
    },
    "name": "doggie",
    "photoUrls": [
      "nulla ipsum dolor",
      "cillum"
    ],
    "tags": [
      {
        "id": 16964237,
        "name": "velit aliquip occaecat voluptate"
      },
      {
        "id": -32143651,
        "name": "sed nulla sint"
      }
    ],
    "status": "sold"
  },
  {
    "id": 24364310,
    "category": {
      "id": -12307344,
      "name": "kitten бфрмалейка"
    },
    "name": "kitten1",
    "photoUrls": [
      "dolor in",
      "occaecat dolore consectetur adipisicing"
    ],
    "tags": [
      {
        "id": -22679152,
        "name": "non ex"
      },
      {
        "id": 33284191,
        "name": "sed pariatur in"
      }
    ],
    "status": "sold"
  },
  {
    "id": 38541659,
    "category": {
      "id": -70999792,
      "name": "dolore aliqua irure"
    },
    "name": "doggie",
    "photoUrls": [
      "cupidatat quis",
      "ipsum deserunt"
    ],
    "tags": [
      {
        "id": 96985450,
        "name": "proident adipisicing officia"
      },
      {
        "id": -17203769,
        "name": "sunt reprehenderit"
      }
    ],
    "status": "sold"
  },
  {
    "id": 777123,
    "category": {
      "id": 777123,
      "name": "fish"
    },
    "name": "Nemo",
    "photoUrls": [
      "https://img1.fonwall.ru/o/hl/sea-photography-flower-underwater.jpeg?route=mid&amp;h=750",
      "https://img1.fonwall.ru/o/hl/sea-photography-flower-underwater.jpeg?route=mid&amp;h=750"
    ],
    "tags": [
      {
        "id": 123,
        "name": "priff"
      },
      {
        "id": 123,
        "name": "ribka"
      }
    ],
    "status": "sold"
  },
  {
    "id": 70119872,
    "category": {
      "id": 93142102,
      "name": "Змея"
    },
    "name": "Анаконда",
    "photoUrls": [
      "mollit",
      "https://irecommend.ru/sites/default/files/product-images/98227/3lJyZagay9aoxv06o6TJCQ.jpg"
    ],
    "tags": [
      {
        "id": -19037377,
        "name": "deserunt veniam nulla reprehenderit"
      },
      {
        "id": 51503358,
        "name": "ullamco aliqua Excepteur cillum"
      }
    ],
    "status": "sold"
  },
  {
    "id": 70119872000,
    "category": {
      "id": 93142102,
      "name": "Заяц французский 2"
    },
    "name": "LAPIN LAPIN",
    "photoUrls": [
      "mollit",
      "https://irecommend.ru/sites/default/files/product-images/98227/3lJyZagay9aoxv06o6TJCQ.jpg"
    ],
    "tags": [
      {
        "id": -19037377,
        "name": "deserunt veniam nulla reprehenderit"
      },
      {
        "id": 51503358,
        "name": "ullamco aliqua Excepteur cillum"
      }
    ],
    "status": "sold"
  },
  {
    "id": 71551342,
    "category": {
      "id": 14955550,
      "name": "ipsum do amet"
    },
    "name": "doggie",
    "photoUrls": [
      "dolore dolor",
      "pariatur elit ea"
    ],
    "tags": [
      {
        "id": -17398234,
        "name": "non ex"
      },
      {
        "id": -32010324,
        "name": "ut culpa aliqua est non"
      }
    ],
    "status": "sold"
  },
  {
    "id": 51338511,
    "category": {
      "id": 43003430,
      "name": "ex ullamco"
    },
    "name": "doggie",
    "photoUrls": [
      "sit ipsum",
      "nulla eu aliqua incididunt"
    ],
    "tags": [
      {
        "id": 1864541,
        "name": "anim elit amet"
      },
      {
        "id": 98553871,
        "name": "ut"
      }
    ],
    "status": "sold"
  },
  {
    "id": 52931566,
    "category": {
      "id": 91307171,
      "name": "sint aliqua"
    },
    "name": "doggie",
    "photoUrls": [
      "ut culpa null",
      "quis"
    ],
    "tags": [
      {
        "id": -40794559,
        "name": "velit proident nulla"
      },
      {
        "id": -14228534,
        "name": "ess"
      }
    ],
    "status": "sold"
  },
  {
    "id": 82188160,
    "category": {
      "id": 81640824,
      "name": "nisi exercitation reprehenderit dolore"
    },
    "name": "doggie",
    "photoUrls": [
      "proident eu enim",
      "mollit cillum nisi"
    ],
    "tags": [
      {
        "id": 6316356,
        "name": "laborum magn"
      },
      {
        "id": 73149614,
        "name": "veniam fugiat amet si"
      }
    ],
    "status": "sold"
  },
  {
    "id": 24572652,
    "category": {
      "id": 70314021,
      "name": "adipisicing dolore"
    },
    "name": "doggie",
    "photoUrls": [
      "magna dolor Ut in",
      "in eiusm"
    ],
    "tags": [
      {
        "id": 85643839,
        "name": "aliquip sit dolor"
      },
      {
        "id": -89364963,
        "name": "elit id reprehenderit eiusmod exercitation"
      }
    ],
    "status": "sold"
  },
  {
    "id": 79897977,
    "category": {
      "id": -43696612,
      "name": "exercitation"
    },
    "name": "doggie",
    "photoUrls": [
      "dolor",
      "velit voluptate"
    ],
    "tags": [
      {
        "id": 59218385,
        "name": "aliqua"
      },
      {
        "id": 72829050,
        "name": "nostrud ut"
      }
    ],
    "status": "sold"
  },
  {
    "id": 40010473,
    "category": {
      "id": -13430874,
      "name": "in fugiat ipsum"
    },
    "name": "doggie",
    "photoUrls": [
      "proident sed ut",
      "aute laboris elit occaecat aliquip"
    ],
    "tags": [
      {
        "id": -64712721,
        "name": "ad"
      },
      {
        "id": 40504054,
        "name": "in"
      }
    ],
    "status": "sold"
  },
  {
    "id": 33845545,
    "category": {
      "id": -13100367,
      "name": "deserunt aute irure"
    },
    "name": "doggie",
    "photoUrls": [
      "dolore reprehenderit adipisicing sed",
      "tempor irure consectetur amet"
    ],
    "tags": [
      {
        "id": -43225306,
        "name": "laborum proident Excepteur"
      },
      {
        "id": -7466415,
        "name": "ut in cupidatat laboris"
      }
    ],
    "status": "sold"
  },
  {
    "id": 23327731,
    "category": {
      "id": -92357313,
      "name": "reprehenderit ut nostrud ut"
    },
    "name": "doggie",
    "photoUrls": [
      "Lorem laboris",
      "laboris"
    ],
    "tags": [
      {
        "id": 89386643,
        "name": "elit esse cillum"
      },
      {
        "id": -23396785,
        "name": "minim consectetur"
      }
    ],
    "status": "sold"
  },
  {
    "id": 23437566,
    "category": {
      "id": -46393995,
      "name": "ex ea culpa"
    },
    "name": "doggie",
    "photoUrls": [
      "ut ex veniam dolor",
      "in aliquip"
    ],
    "tags": [
      {
        "id": 91638732,
        "name": "Excepteur ea commodo esse"
      },
      {
        "id": 42980181,
        "name": "nulla officia ut labore"
      }
    ],
    "status": "sold"
  },
  {
    "id": 76621170,
    "category": {
      "id": 16364966,
      "name": "Ut cupidatat velit irure minim"
    },
    "name": "doggie",
    "photoUrls": [
      "dolore quis",
      "elit ea aliqua dolor adipisicing"
    ],
    "tags": [
      {
        "id": 24591216,
        "name": "ullamco magna laborum ut"
      },
      {
        "id": 52512638,
        "name": "sunt non Lorem"
      }
    ],
    "status": "sold"
  },
  {
    "id": 5644444,
    "category": {
      "id": 566555,
      "name": "nulla minim laborum deserunt"
    },
    "name": "Собака",
    "photoUrls": [
      "anim ullamco laborum eu",
      "eiusm"
    ],
    "tags": [
      {
        "id": 10156776,
        "name": "cillum adipisicing"
      },
      {
        "id": -53013483,
        "name": "sit Ut enim dolore"
      }
    ],
    "status": "sold"
  },
  {
    "id": 2022000,
    "category": {
      "id": 0,
      "name": "bird"
    },
    "name": "Star",
    "photoUrls": [
      "string"
    ],
    "tags": [
      {
        "id": 0,
        "name": "shy"
      }
    ],
    "status": "sold"
  },
  {
    "id": 9223372036854773917,
    "category": {
      "id": 0,
      "name": "string"
    },
    "name": "boss2.0",
    "photoUrls": [
      "string"
    ],
    "tags": [
      {
        "id": 0,
        "name": "string"
      }
    ],
    "status": "sold"
  },
  {
    "id": 87705905,
    "category": {
      "id": 22032096,
      "name": "reprehenderit in minim"
    },
    "name": "doggie",
    "photoUrls": [
      "cillum Ut ",
      "et adipisicing consequat"
    ],
    "tags": [
      {
        "id": -14103627,
        "name": "reprehenderit"
      },
      {
        "id": 47181501,
        "name": "occaecat"
      }
    ],
    "status": "sold"
  },
  {
    "id": 38480305,
    "category": {
      "id": -59161747,
      "name": "Duis voluptate consequat"
    },
    "name": "doggie",
    "photoUrls": [
      "ex enim ",
      "nisi est"
    ],
    "tags": [
      {
        "id": 49121599,
        "name": "non anim exercitation"
      },
      {
        "id": 2672065,
        "name": "sint"
      }
    ],
    "status": "sold"
  },
  {
    "id": 1779829456698,
    "category": {
      "id": 1,
      "name": "dogs"
    },
    "name": "api-dog-after-update",
    "photoUrls": [
      "https://example.com/dog.png"
    ],
    "tags": [
      {
        "id": 1,
        "name": "friendly"
      }
    ],
    "status": "sold"
  },
  {
    "id": 33377689,
    "category": {
      "id": -5871190,
      "name": "in voluptate velit proident"
    },
    "name": "doggie",
    "photoUrls": [
      "amet in",
      "aute in"
    ],
    "tags": [
      {
        "id": -26593919,
        "name": "tempor eiusmod ipsum"
      },
      {
        "id": 78722837,
        "name": "in sit ullamco aliqua qui"
      }
    ],
    "status": "sold"
  },
  {
    "id": 62751340,
    "category": {
      "id": -37441254,
      "name": "aute cillum voluptate veniam"
    },
    "name": "doggie",
    "photoUrls": [
      "mollit veniam",
      "dolor enim reprehenderit"
    ],
    "tags": [
      {
        "id": 91709679,
        "name": "anim adipisicing"
      },
      {
        "id": 919209,
        "name": "sint anim"
      }
    ],
    "status": "sold"
  },
  {
    "id": 9,
    "category": {
      "id": 0,
      "name": "cats"
    },
    "name": "King Kong",
    "photoUrls": [
      "string"
    ],
    "tags": [
      {
        "id": 0,
        "name": "string"
      }
    ],
    "status": "sold"
  },
  {
    "id": 20260526,
    "category": {
      "id": 1,
      "name": "Dogs"
    },
    "name": "Lunita Oquendo",
    "photoUrls": [
      "https://example.com/photo.jpg"
    ],
    "tags": [
      {
        "id": 1,
        "name": "puppy"
      }
    ],
    "status": "sold"
  },
  {
    "id": 2026,
    "category": {
      "id": 1,
      "name": "Dogs"
    },
    "name": "Lunita Oquendo",
    "photoUrls": [
      "https://example.com/photo.jpg"
    ],
    "tags": [
      {
        "id": 1,
        "name": "puppy"
      }
    ],
    "status": "sold"
  },
  {
    "id": 330929,
    "category": {
      "id": 1,
      "name": "Dogs"
    },
    "name": "UpdatedDog-330929",
    "photoUrls": [
      "https://example.com/photo1.jpg"
    ],
    "tags": [
      {
        "id": 1,
        "name": "test-tag"
      }
    ],
    "status": "sold"
  },
  {
    "id": 1,
    "category": {
      "id": 1,
      "name": "cat"
    },
    "name": "dog",
    "photoUrls": [
    ],
    "tags": [
    ],
    "status": "sold"
  }
]
 
